{"exchange":"kucoin","level":"info","message":"Trading Signal:","pair":"BTC/USDT","signal":"HOLD","timestamp":"2024-12-22T20:45:41.313Z"}
{"exchange":"kucoin","level":"info","message":"Trading Signal:","pair":"SOL/USDT","signal":"HOLD","timestamp":"2024-12-22T20:45:41.805Z"}
{"exchange":"kucoin","level":"info","message":"Trading Signal:","pair":"ETH/USDT","signal":"HOLD","timestamp":"2024-12-22T20:45:42.730Z"}
{"exchange":"kucoin","level":"info","message":"Trading Signal:","pair":"USDT/BRL","signal":"HOLD","timestamp":"2024-12-22T20:45:43.347Z"}
{"exchange":"okx","level":"info","message":"Trading Signal:","pair":"BTC/USDT","signal":"HOLD","timestamp":"2024-12-22T20:45:46.897Z"}
{"exchange":"okx","level":"info","message":"Trading Signal:","pair":"SOL/USDT","signal":"HOLD","timestamp":"2024-12-22T20:45:47.453Z"}
{"exchange":"okx","level":"info","message":"Trading Signal:","pair":"ETH/USDT","signal":"HOLD","timestamp":"2024-12-22T20:45:48.123Z"}
{"exchange":"okx","level":"info","message":"Trading Signal:","pair":"USDT/BRL","signal":"HOLD","timestamp":"2024-12-22T20:45:48.879Z"}
{"exchange":"kucoin","level":"info","message":"Trading Signal:","pair":"BTC/USDT","signal":"HOLD","timestamp":"2024-12-22T20:46:02.441Z"}
{"exchange":"kucoin","level":"info","message":"Trading Signal:","pair":"SOL/USDT","signal":"HOLD","timestamp":"2024-12-22T20:46:02.926Z"}
{"exchange":"kucoin","level":"info","message":"Trading Signal:","pair":"ETH/USDT","signal":"HOLD","timestamp":"2024-12-22T20:46:03.473Z"}
{"exchange":"kucoin","level":"info","message":"Trading Signal:","pair":"USDT/BRL","signal":"HOLD","timestamp":"2024-12-22T20:46:03.947Z"}
{"exchange":"okx","level":"info","message":"Trading Signal:","pair":"BTC/USDT","signal":"HOLD","timestamp":"2024-12-22T20:46:07.276Z"}
{"exchange":"okx","level":"info","message":"Trading Signal:","pair":"SOL/USDT","signal":"HOLD","timestamp":"2024-12-22T20:46:07.893Z"}
{"exchange":"okx","level":"info","message":"Trading Signal:","pair":"ETH/USDT","signal":"HOLD","timestamp":"2024-12-22T20:46:08.514Z"}
{"exchange":"okx","level":"info","message":"Trading Signal:","pair":"USDT/BRL","signal":"HOLD","timestamp":"2024-12-22T20:46:09.018Z"}
{"exchange":"kucoin","level":"info","message":"Trading Signal:","pair":"BTC/USDT","signal":"HOLD","timestamp":"2024-12-22T21:00:00.931Z"}
{"exchange":"kucoin","level":"info","message":"Trading Signal:","pair":"SOL/USDT","signal":"HOLD","timestamp":"2024-12-22T21:00:01.596Z"}
{"exchange":"kucoin","level":"info","message":"Trading Signal:","pair":"ETH/USDT","signal":"HOLD","timestamp":"2024-12-22T21:00:02.167Z"}
{"exchange":"kucoin","level":"info","message":"Trading Signal:","pair":"USDT/BRL","signal":"HOLD","timestamp":"2024-12-22T21:00:02.626Z"}
{"exchange":"okx","level":"info","message":"Trading Signal:","pair":"BTC/USDT","signal":"HOLD","timestamp":"2024-12-22T21:00:03.160Z"}
{"exchange":"okx","level":"info","message":"Trading Signal:","pair":"SOL/USDT","signal":"HOLD","timestamp":"2024-12-22T21:00:03.892Z"}
{"exchange":"okx","level":"info","message":"Trading Signal:","pair":"ETH/USDT","signal":"HOLD","timestamp":"2024-12-22T21:00:04.635Z"}
{"exchange":"okx","level":"info","message":"Trading Signal:","pair":"USDT/BRL","signal":"HOLD","timestamp":"2024-12-22T21:00:05.219Z"}
